<?xml version="1.0" encoding="UTF-8"?>
<testsuite xmlns:xsi="http://www.w3.org/2001/XMLSchema-instance" xsi:noNamespaceSchemaLocation="https://maven.apache.org/surefire/maven-surefire-plugin/xsd/surefire-test-report.xsd" name="com.edderaz.hn.area_calcular.AreaCalculatorTest" time="0.068" tests="4" errors="0" skipped="0" failures="0">
  <properties>
[...]
</properties>
  <testcase name="testCalcularAreaTriangulo" classname="com.edderaz.hn.area_calcular.AreaCalculatorTest" time="0.005"/>
  <testcase name="testCalcularAreaCuadrado" classname="com.edderaz.hn.area_calcular.AreaCalculatorTest" time="0"/>
  <testcase name="testCalcularAreaRectangulo" classname="com.edderaz.hn.area_calcular.AreaCalculatorTest" time="0"/>
  <testcase name="testCalcularAreaCirculo" classname="com.edderaz.hn.area_calcular.AreaCalculatorTest" time="0"/>
</testsuite>